<![LOG[================================================================================ ]LOG]!><time="09:10:41.198244" date="12-23-2022" component=" " context="AUTORITE NT\Système" type="1" thread="16" file="ConfigMgrClientHealth.ps1:74">
<![LOG[Script version: 1.1 ]LOG]!><time="09:10:41.245521" date="12-23-2022" component=" " context="AUTORITE NT\Système" type="1" thread="16" file="ConfigMgrClientHealth.ps1:81">
<![LOG[PowerShell version: 5 ]LOG]!><time="09:10:41.256349" date="12-23-2022" component=" " context="AUTORITE NT\Système" type="1" thread="16" file="ConfigMgrClientHealth.ps1:82">
<![LOG[Querying Win32_OperatingSystem and Win32_ComputerSystem ]LOG]!><time="09:10:41.967219" date="12-23-2022" component=" " context="AUTORITE NT\Système" type="1" thread="16" file="ConfigMgrClientHealth.ps1:127">
<![LOG[Starting precheck. Determing if script will run or not. ]LOG]!><time="09:10:44.248569" date="12-23-2022" component=" " context="AUTORITE NT\Système" type="1" thread="16" file="ConfigMgrClientHealth.ps1:195">
<![LOG[PowerShell version: 5.1.22621.608. Script executing with Administrator rights. ]LOG]!><time="09:10:44.342282" date="12-23-2022" component=" " context="AUTORITE NT\Système" type="1" thread="16" file="ConfigMgrClientHealth.ps1:207">
<![LOG[Determing if a task sequence is running. ]LOG]!><time="09:10:44.342282" date="12-23-2022" component=" " context="AUTORITE NT\Système" type="1" thread="16" file="ConfigMgrClientHealth.ps1:209">
<![LOG[ConfigMgr Client Health 1.1 starting. ]LOG]!><time="09:10:44.357941" date="12-23-2022" component=" " context="AUTORITE NT\Système" type="1" thread="16" file="ConfigMgrClientHealth.ps1:224">
<![LOG[Script last ran: 01/01/0001 00:00:00 (ExitCode 1) - Impossible de trouver le chemin d'accès « HKLM:\SOFTWARE\Microsoft\CCM\Logging\@GLOBAL », car il n'existe pas. (l. 1262 in C:\ProgramData\ConfigMgrClientHealth\ConfigMgrClientHealth-Functions.ps1) ]LOG]!><time="09:10:44.920442" date="12-23-2022" component=" " context="AUTORITE NT\Système" type="3" thread="16" file="ConfigMgrClientHealth.ps1:249">
<![LOG[Testing SQL Server connection ]LOG]!><time="09:10:45.342215" date="12-23-2022" component=" " context="AUTORITE NT\Système" type="1" thread="16" file="ConfigMgrClientHealth.ps1:264">
<![LOG[Error connecting to SQLDatabase ClientHealth on SQL Server SRV-SCCM-SQL.corp.roullier.com (ExitCode 1) - Exception lors de l'appel de « Open » avec « 0 » argument(s) : « Une erreur liée au réseau ou spécifique à l'instance s'est produite lors de l'établissement d'une connexion à SQL Server. Le serveur est introuvable ou n'est pas accessible. Vérifiez que le nom de l'instance est correct et que SQL Server est configuré pour autoriser les connexions distantes. (provider: Named Pipes Provider, error: 40 - Impossible d'ouvrir une connexion à SQL Server) » (l. 434 in C:\ProgramData\ConfigMgrClientHealth\ConfigMgrClientHealth-Functions.ps1) ]LOG]!><time="09:11:22.034641" date="12-23-2022" component=" " context="AUTORITE NT\Système" type="3" thread="16" file="ConfigMgrClientHealth-Functions.ps1:441">
<![LOG[Checking if WMI is corrupt. Will reinstall configmgr client if WMI is rebuilt. ]LOG]!><time="09:11:22.175150" date="12-23-2022" component=" " context="AUTORITE NT\Système" type="1" thread="16" file="ConfigMgrClientHealth.ps1:275">
<![LOG[WMI Check: OK ]LOG]!><time="09:11:23.520304" date="12-23-2022" component=" " context="AUTORITE NT\Système" type="1" thread="16" file="ConfigMgrClientHealth-Functions.ps1:189">
<![LOG[Checking if compliance state should be resent after 7 days. ]LOG]!><time="09:11:23.598433" date="12-23-2022" component=" " context="AUTORITE NT\Système" type="1" thread="16" file="ConfigMgrClientHealth.ps1:290">
<![LOG[The compliance states were last sent on 12/23/2022 09:11:23 ]LOG]!><time="09:11:23.676566" date="12-23-2022" component=" " context="AUTORITE NT\Système" type="1" thread="16" file="ConfigMgrClientHealth-Functions.ps1:2082">
<![LOG[Compliance States: OK. ]LOG]!><time="09:11:23.723434" date="12-23-2022" component=" " context="AUTORITE NT\Système" type="1" thread="16" file="ConfigMgrClientHealth-Functions.ps1:2100">
<![LOG[Testing if ConfigMgr client is installed. Installing if not. ]LOG]!><time="09:11:23.832806" date="12-23-2022" component=" " context="AUTORITE NT\Système" type="1" thread="16" file="ConfigMgrClientHealth.ps1:294">
<![LOG[Configuration Manager client is not installed. Installing... ]LOG]!><time="09:11:23.926556" date="12-23-2022" component=" " context="AUTORITE NT\Système" type="2" thread="16" file="ConfigMgrClientHealth-Functions.ps1:1637">
<![LOG[Installing Configuration Manager Client. ]LOG]!><time="09:11:24.067644" date="12-23-2022" component=" " context="AUTORITE NT\Système" type="1" thread="16" file="ConfigMgrClientHealth-Functions.ps1:1961">
<![LOG[Perform a test on a specific registry key required for ccmsetup to succeed. ]LOG]!><time="09:11:24.083270" date="12-23-2022" component=" " context="AUTORITE NT\Système" type="1" thread="16" file="ConfigMgrClientHealth-Functions.ps1:1963">
<![LOG[Enforce registration of common DLL files to make sure CCM Agent works. ]LOG]!><time="09:11:24.145767" date="12-23-2022" component=" " context="AUTORITE NT\Système" type="1" thread="16" file="ConfigMgrClientHealth-Functions.ps1:1966">
<![LOG[Register DLL 'C:\Windows\System32\scecli.dll' ]LOG]!><time="09:11:33.809365" date="12-23-2022" component=" " context="AUTORITE NT\Système" type="1" thread="16" file="ConfigMgrClientHealth-Functions.ps1:3940">
<![LOG[Register DLL 'C:\Windows\System32\actxprxy.dll' ]LOG]!><time="09:11:34.199984" date="12-23-2022" component=" " context="AUTORITE NT\Système" type="1" thread="16" file="ConfigMgrClientHealth-Functions.ps1:3940">
<![LOG[Register DLL 'C:\Windows\System32\atl.dll' ]LOG]!><time="09:11:34.262484" date="12-23-2022" component=" " context="AUTORITE NT\Système" type="1" thread="16" file="ConfigMgrClientHealth-Functions.ps1:3940">
<![LOG[Register DLL 'C:\Windows\System32\Bitsprx2.dll' (ExitCode 3)]LOG]!><time="09:11:34.309360" date="12-23-2022" component=" " context="AUTORITE NT\Système" type="3" thread="16" file="ConfigMgrClientHealth-Functions.ps1:3940">
<![LOG[Register DLL 'C:\Windows\System32\Bitsprx3.dll' (ExitCode 3)]LOG]!><time="09:11:34.371859" date="12-23-2022" component=" " context="AUTORITE NT\Système" type="3" thread="16" file="ConfigMgrClientHealth-Functions.ps1:3940">
<![LOG[Register DLL 'C:\Windows\System32\browseui.dll' (ExitCode 4)]LOG]!><time="09:11:34.481234" date="12-23-2022" component=" " context="AUTORITE NT\Système" type="3" thread="16" file="ConfigMgrClientHealth-Functions.ps1:3940">
<![LOG[Register DLL 'C:\Windows\System32\cryptdlg.dll' ]LOG]!><time="09:11:34.591021" date="12-23-2022" component=" " context="AUTORITE NT\Système" type="1" thread="16" file="ConfigMgrClientHealth-Functions.ps1:3940">
<![LOG[Register DLL 'C:\Windows\System32\dssenh.dll' ]LOG]!><time="09:11:34.669142" date="12-23-2022" component=" " context="AUTORITE NT\Système" type="1" thread="16" file="ConfigMgrClientHealth-Functions.ps1:3940">
<![LOG[Register DLL 'C:\Windows\System32\gpkcsp.dll' (ExitCode 3)]LOG]!><time="09:11:34.747272" date="12-23-2022" component=" " context="AUTORITE NT\Système" type="3" thread="16" file="ConfigMgrClientHealth-Functions.ps1:3940">
<![LOG[Register DLL 'C:\Windows\System32\initpki.dll' (ExitCode 3)]LOG]!><time="09:11:34.809768" date="12-23-2022" component=" " context="AUTORITE NT\Système" type="3" thread="16" file="ConfigMgrClientHealth-Functions.ps1:3940">
<![LOG[Register DLL 'C:\Windows\System32\jscript.dll' ]LOG]!><time="09:11:34.887894" date="12-23-2022" component=" " context="AUTORITE NT\Système" type="1" thread="16" file="ConfigMgrClientHealth-Functions.ps1:3940">
<![LOG[Register DLL 'C:\Windows\System32\mshtml.dll' (ExitCode 4)]LOG]!><time="09:11:34.966019" date="12-23-2022" component=" " context="AUTORITE NT\Système" type="3" thread="16" file="ConfigMgrClientHealth-Functions.ps1:3940">
<![LOG[Register DLL 'C:\Windows\System32\msi.dll' ]LOG]!><time="09:11:35.059767" date="12-23-2022" component=" " context="AUTORITE NT\Système" type="1" thread="16" file="ConfigMgrClientHealth-Functions.ps1:3940">
<![LOG[Register DLL 'C:\Windows\System32\mssip32.dll' ]LOG]!><time="09:11:35.200396" date="12-23-2022" component=" " context="AUTORITE NT\Système" type="1" thread="16" file="ConfigMgrClientHealth-Functions.ps1:3940">
<![LOG[Register DLL 'C:\Windows\System32\msxml.dll' (ExitCode 3)]LOG]!><time="09:11:35.278518" date="12-23-2022" component=" " context="AUTORITE NT\Système" type="3" thread="16" file="ConfigMgrClientHealth-Functions.ps1:3940">
<![LOG[Register DLL 'C:\Windows\System32\msxml3.dll' ]LOG]!><time="09:11:35.341017" date="12-23-2022" component=" " context="AUTORITE NT\Système" type="1" thread="16" file="ConfigMgrClientHealth-Functions.ps1:3940">
<![LOG[Register DLL 'C:\Windows\System32\msxml3a.dll' (ExitCode 3)]LOG]!><time="09:11:35.842442" date="12-23-2022" component=" " context="AUTORITE NT\Système" type="3" thread="16" file="ConfigMgrClientHealth-Functions.ps1:3940">
<![LOG[Register DLL 'C:\Windows\System32\msxml3r.dll' (ExitCode 4)]LOG]!><time="09:11:35.952005" date="12-23-2022" component=" " context="AUTORITE NT\Système" type="3" thread="16" file="ConfigMgrClientHealth-Functions.ps1:3940">
<![LOG[Register DLL 'C:\Windows\System32\msxml4.dll' (ExitCode 3)]LOG]!><time="09:11:35.998882" date="12-23-2022" component=" " context="AUTORITE NT\Système" type="3" thread="16" file="ConfigMgrClientHealth-Functions.ps1:3940">
<![LOG[Register DLL 'C:\Windows\System32\msxml4a.dll' (ExitCode 3)]LOG]!><time="09:11:36.077001" date="12-23-2022" component=" " context="AUTORITE NT\Système" type="3" thread="16" file="ConfigMgrClientHealth-Functions.ps1:3940">
<![LOG[Register DLL 'C:\Windows\System32\msxml4r.dll' (ExitCode 3)]LOG]!><time="09:11:36.139500" date="12-23-2022" component=" " context="AUTORITE NT\Système" type="3" thread="16" file="ConfigMgrClientHealth-Functions.ps1:3940">
<![LOG[Register DLL 'C:\Windows\System32\msxml6.dll' ]LOG]!><time="09:11:36.217623" date="12-23-2022" component=" " context="AUTORITE NT\Système" type="1" thread="16" file="ConfigMgrClientHealth-Functions.ps1:3940">
<![LOG[Register DLL 'C:\Windows\System32\msxml6r.dll' (ExitCode 4)]LOG]!><time="09:11:36.311466" date="12-23-2022" component=" " context="AUTORITE NT\Système" type="3" thread="16" file="ConfigMgrClientHealth-Functions.ps1:3940">
<![LOG[Register DLL 'C:\Windows\System32\muweb.dll' (ExitCode 3)]LOG]!><time="09:11:36.358343" date="12-23-2022" component=" " context="AUTORITE NT\Système" type="3" thread="16" file="ConfigMgrClientHealth-Functions.ps1:3940">
<![LOG[Register DLL 'C:\Windows\System32\ole32.dll' ]LOG]!><time="09:11:36.420844" date="12-23-2022" component=" " context="AUTORITE NT\Système" type="1" thread="16" file="ConfigMgrClientHealth-Functions.ps1:3940">
<![LOG[Register DLL 'C:\Windows\System32\oleaut32.dll' ]LOG]!><time="09:11:36.514590" date="12-23-2022" component=" " context="AUTORITE NT\Système" type="1" thread="16" file="ConfigMgrClientHealth-Functions.ps1:3940">
<![LOG[Register DLL 'C:\Windows\System32\Qmgr.dll' (ExitCode 4)]LOG]!><time="09:11:36.655237" date="12-23-2022" component=" " context="AUTORITE NT\Système" type="3" thread="16" file="ConfigMgrClientHealth-Functions.ps1:3940">
<![LOG[Register DLL 'C:\Windows\System32\Qmgrprxy.dll' (ExitCode 3)]LOG]!><time="09:11:36.749021" date="12-23-2022" component=" " context="AUTORITE NT\Système" type="3" thread="16" file="ConfigMgrClientHealth-Functions.ps1:3940">
<![LOG[Register DLL 'C:\Windows\System32\rsaenh.dll' ]LOG]!><time="09:11:36.811586" date="12-23-2022" component=" " context="AUTORITE NT\Système" type="1" thread="16" file="ConfigMgrClientHealth-Functions.ps1:3940">
<![LOG[Register DLL 'C:\Windows\System32\sccbase.dll' (ExitCode 3)]LOG]!><time="09:11:36.889704" date="12-23-2022" component=" " context="AUTORITE NT\Système" type="3" thread="16" file="ConfigMgrClientHealth-Functions.ps1:3940">
<![LOG[Register DLL 'C:\Windows\System32\scrrun.dll' ]LOG]!><time="09:11:37.030246" date="12-23-2022" component=" " context="AUTORITE NT\Système" type="1" thread="16" file="ConfigMgrClientHealth-Functions.ps1:3940">
<![LOG[Register DLL 'C:\Windows\System32\shdocvw.dll' (ExitCode 4)]LOG]!><time="09:11:37.108447" date="12-23-2022" component=" " context="AUTORITE NT\Système" type="3" thread="16" file="ConfigMgrClientHealth-Functions.ps1:3940">
<![LOG[Register DLL 'C:\Windows\System32\shell32.dll' ]LOG]!><time="09:11:37.202113" date="12-23-2022" component=" " context="AUTORITE NT\Système" type="1" thread="16" file="ConfigMgrClientHealth-Functions.ps1:3940">
<![LOG[Register DLL 'C:\Windows\System32\slbcsp.dll' (ExitCode 3)]LOG]!><time="09:11:37.264693" date="12-23-2022" component=" " context="AUTORITE NT\Système" type="3" thread="16" file="ConfigMgrClientHealth-Functions.ps1:3940">
<![LOG[Register DLL 'C:\Windows\System32\softpub.dll' ]LOG]!><time="09:11:37.436476" date="12-23-2022" component=" " context="AUTORITE NT\Système" type="1" thread="16" file="ConfigMgrClientHealth-Functions.ps1:3940">
<![LOG[Register DLL 'C:\Windows\System32\rlmon.dll' (ExitCode 3)]LOG]!><time="09:11:37.514684" date="12-23-2022" component=" " context="AUTORITE NT\Système" type="3" thread="16" file="ConfigMgrClientHealth-Functions.ps1:3940">
<![LOG[Register DLL 'C:\Windows\System32\userenv.dll' ]LOG]!><time="09:11:37.592809" date="12-23-2022" component=" " context="AUTORITE NT\Système" type="1" thread="16" file="ConfigMgrClientHealth-Functions.ps1:3940">
<![LOG[Register DLL 'C:\Windows\System32\vbscript.dll' ]LOG]!><time="09:12:07.088499" date="12-23-2022" component=" " context="AUTORITE NT\Système" type="1" thread="16" file="ConfigMgrClientHealth-Functions.ps1:3940">
<![LOG[Register DLL 'C:\Windows\System32\Winhttp.dll' (ExitCode 4)]LOG]!><time="09:12:07.229289" date="12-23-2022" component=" " context="AUTORITE NT\Système" type="3" thread="16" file="ConfigMgrClientHealth-Functions.ps1:3940">
<![LOG[Register DLL 'C:\Windows\System32\wintrust.dll' ]LOG]!><time="09:12:07.416934" date="12-23-2022" component=" " context="AUTORITE NT\Système" type="1" thread="16" file="ConfigMgrClientHealth-Functions.ps1:3940">
<![LOG[Register DLL 'C:\Windows\System32\wuapi.dll' (ExitCode 5)]LOG]!><time="09:12:07.573823" date="12-23-2022" component=" " context="AUTORITE NT\Système" type="3" thread="16" file="ConfigMgrClientHealth-Functions.ps1:3940">
<![LOG[Register DLL 'C:\Windows\System32\wuaueng.dll' (ExitCode 4)]LOG]!><time="09:12:07.667872" date="12-23-2022" component=" " context="AUTORITE NT\Système" type="3" thread="16" file="ConfigMgrClientHealth-Functions.ps1:3940">
<![LOG[Register DLL 'C:\Windows\System32\wuaueng1.dll' (ExitCode 3)]LOG]!><time="09:12:12.361971" date="12-23-2022" component=" " context="AUTORITE NT\Système" type="3" thread="16" file="ConfigMgrClientHealth-Functions.ps1:3940">
<![LOG[Register DLL 'C:\Windows\System32\wucltui.dll' (ExitCode 3)]LOG]!><time="09:12:12.441403" date="12-23-2022" component=" " context="AUTORITE NT\Système" type="3" thread="16" file="ConfigMgrClientHealth-Functions.ps1:3940">
<![LOG[Register DLL 'C:\Windows\System32\wucltux.dll' (ExitCode 3)]LOG]!><time="09:12:41.905410" date="12-23-2022" component=" " context="AUTORITE NT\Système" type="3" thread="16" file="ConfigMgrClientHealth-Functions.ps1:3940">
<![LOG[Register DLL 'C:\Windows\System32\wups.dll' ]LOG]!><time="09:12:42.119361" date="12-23-2022" component=" " context="AUTORITE NT\Système" type="1" thread="16" file="ConfigMgrClientHealth-Functions.ps1:3940">
<![LOG[Register DLL 'C:\Windows\System32\wups2.dll' ]LOG]!><time="09:12:42.259994" date="12-23-2022" component=" " context="AUTORITE NT\Système" type="1" thread="16" file="ConfigMgrClientHealth-Functions.ps1:3940">
<![LOG[Register DLL 'C:\Windows\System32\wuweb.dll' (ExitCode 3)]LOG]!><time="09:12:42.369366" date="12-23-2022" component=" " context="AUTORITE NT\Système" type="3" thread="16" file="ConfigMgrClientHealth-Functions.ps1:3940">
<![LOG[Register DLL 'C:\Windows\System32\wuwebv.dll' (ExitCode 3)]LOG]!><time="09:12:42.468836" date="12-23-2022" component=" " context="AUTORITE NT\Système" type="3" thread="16" file="ConfigMgrClientHealth-Functions.ps1:3940">
<![LOG[Register DLL 'C:\Windows\System32\Xpob2res.dll' (ExitCode 3)]LOG]!><time="09:13:11.991544" date="12-23-2022" component=" " context="AUTORITE NT\Système" type="3" thread="16" file="ConfigMgrClientHealth-Functions.ps1:3940">
<![LOG[Register DLL 'C:\Windows\System32\WBEM\wmisvc.dll' ]LOG]!><time="09:13:12.220944" date="12-23-2022" component=" " context="AUTORITE NT\Système" type="1" thread="16" file="ConfigMgrClientHealth-Functions.ps1:3940">
<![LOG[Trigger ConfigMgr Client installation ]LOG]!><time="09:13:12.236566" date="12-23-2022" component=" " context="AUTORITE NT\Système" type="1" thread="16" file="ConfigMgrClientHealth-Functions.ps1:2035">
<![LOG[Client install string: C:\ProgramData\ConfigMgrClientHealth\CMClient\ccmsetup.exe /noservice SMSSITECODE=SIE CCMHOSTNAME=SCCMGAROULLIER.CLOUDAPP.NET/CCM_Proxy_MutualAuth/72057594037927974 /mp=SRV-SCCM.corp.roullier.com SMSMP=https://SRV-SCCM.corp.roullier.com /Source:C:\ProgramData\ConfigMgrClientHealth\CMClient /NoCRLCheck /UsePKICert DNSSUFFIX=corp.roullier.com ]LOG]!><time="09:13:12.252191" date="12-23-2022" component=" " context="AUTORITE NT\Système" type="1" thread="16" file="ConfigMgrClientHealth-Functions.ps1:2036">
<![LOG[ConfigMgr Client installation done. (ExitCode 6)]LOG]!><time="09:15:09.837987" date="12-23-2022" component=" " context="AUTORITE NT\Système" type="3" thread="16" file="ConfigMgrClientHealth-Functions.ps1:2046">
<![LOG[ConfigMgr Client was installed for the first time. Waiting 6 minutes for client to syncronize policy before proceeding. ]LOG]!><time="09:15:09.844727" date="12-23-2022" component=" " context="AUTORITE NT\Système" type="2" thread="16" file="ConfigMgrClientHealth-Functions.ps1:2049">
<![LOG[ConfigMgr Client installation failed. Agent not detected 10 minutes after triggering installation. (ExitCode 1) - Impossible de trouver un service assorti du nom « ccmexec ». (l. 1646 in C:\ProgramData\ConfigMgrClientHealth\ConfigMgrClientHealth-Functions.ps1) ]LOG]!><time="09:36:35.972914" date="12-23-2022" component=" " context="AUTORITE NT\Système" type="3" thread="16" file="ConfigMgrClientHealth-Functions.ps1:1648">
<![LOG[Validating if ConfigMgr client is running the minimum version... ]LOG]!><time="09:36:35.991066" date="12-23-2022" component=" " context="AUTORITE NT\Système" type="1" thread="16" file="ConfigMgrClientHealth.ps1:297">
<![LOG[ConfigMgr Client version is:  : Tagging client for upgrade to version: 5.00.9078.1025 (ExitCode 1) - Espace de noms non valide « root/ccm » (l. 34 in C:\ProgramData\ConfigMgrClientHealth\ConfigMgrClientHealth-Functions.ps1) ]LOG]!><time="09:36:36.114810" date="12-23-2022" component=" " context="AUTORITE NT\Système" type="3" thread="16" file="ConfigMgrClientHealth-Functions.ps1:1789">
<![LOG[Validating services... ]LOG]!><time="09:36:36.130432" date="12-23-2022" component=" " context="AUTORITE NT\Système" type="1" thread="16" file="ConfigMgrClientHealth.ps1:314">
<![LOG[Test services from XML configuration file ]LOG]!><time="09:36:36.146098" date="12-23-2022" component=" " context="AUTORITE NT\Système" type="1" thread="16" file="ConfigMgrClientHealth-Functions.ps1:2855">
<![LOG[Verify startup type ]LOG]!><time="09:36:37.611594" date="12-23-2022" component=" " context="AUTORITE NT\Système" type="1" thread="16" file="ConfigMgrClientHealth-Functions.ps1:2919">
<![LOG[Service BITS startup: OK ]LOG]!><time="09:36:37.611594" date="12-23-2022" component=" " context="AUTORITE NT\Système" type="1" thread="16" file="ConfigMgrClientHealth-Functions.ps1:2921">
<![LOG[Verify service is running ]LOG]!><time="09:36:37.627220" date="12-23-2022" component=" " context="AUTORITE NT\Système" type="1" thread="16" file="ConfigMgrClientHealth-Functions.ps1:2952">
<![LOG[Service BITS running: OK ]LOG]!><time="09:36:37.658467" date="12-23-2022" component=" " context="AUTORITE NT\Système" type="1" thread="16" file="ConfigMgrClientHealth-Functions.ps1:2954">
<![LOG[Verify startup type ]LOG]!><time="09:36:38.798141" date="12-23-2022" component=" " context="AUTORITE NT\Système" type="1" thread="16" file="ConfigMgrClientHealth-Functions.ps1:2919">
<![LOG[Service winmgmt startup: OK ]LOG]!><time="09:36:38.808658" date="12-23-2022" component=" " context="AUTORITE NT\Système" type="1" thread="16" file="ConfigMgrClientHealth-Functions.ps1:2921">
<![LOG[Verify service is running ]LOG]!><time="09:36:38.808658" date="12-23-2022" component=" " context="AUTORITE NT\Système" type="1" thread="16" file="ConfigMgrClientHealth-Functions.ps1:2952">
<![LOG[Service winmgmt running: OK ]LOG]!><time="09:36:38.824303" date="12-23-2022" component=" " context="AUTORITE NT\Système" type="1" thread="16" file="ConfigMgrClientHealth-Functions.ps1:2954">
<![LOG[Verify startup type ]LOG]!><time="09:36:39.907239" date="12-23-2022" component=" " context="AUTORITE NT\Système" type="1" thread="16" file="ConfigMgrClientHealth-Functions.ps1:2919">
<![LOG[Configuring service wuauserv StartupType to: Automatic (Trigger Start)... ]LOG]!><time="09:36:39.954171" date="12-23-2022" component=" " context="AUTORITE NT\Système" type="1" thread="16" file="ConfigMgrClientHealth-Functions.ps1:2931">
<![LOG[Verify service is running ]LOG]!><time="09:36:39.969762" date="12-23-2022" component=" " context="AUTORITE NT\Système" type="1" thread="16" file="ConfigMgrClientHealth-Functions.ps1:2952">
<![LOG[Service wuauserv running: OK ]LOG]!><time="09:36:39.985389" date="12-23-2022" component=" " context="AUTORITE NT\Système" type="1" thread="16" file="ConfigMgrClientHealth-Functions.ps1:2954">
<![LOG[Verify startup type ]LOG]!><time="09:36:41.053331" date="12-23-2022" component=" " context="AUTORITE NT\Système" type="1" thread="16" file="ConfigMgrClientHealth-Functions.ps1:2919">
<![LOG[Service lanmanserver startup: OK ]LOG]!><time="09:36:41.068933" date="12-23-2022" component=" " context="AUTORITE NT\Système" type="1" thread="16" file="ConfigMgrClientHealth-Functions.ps1:2921">
<![LOG[Verify service is running ]LOG]!><time="09:36:41.068933" date="12-23-2022" component=" " context="AUTORITE NT\Système" type="1" thread="16" file="ConfigMgrClientHealth-Functions.ps1:2952">
<![LOG[Service lanmanserver running: OK ]LOG]!><time="09:36:41.084540" date="12-23-2022" component=" " context="AUTORITE NT\Système" type="1" thread="16" file="ConfigMgrClientHealth-Functions.ps1:2954">
<![LOG[Verify startup type ]LOG]!><time="09:36:42.153141" date="12-23-2022" component=" " context="AUTORITE NT\Système" type="1" thread="16" file="ConfigMgrClientHealth-Functions.ps1:2919">
<![LOG[Service RpcSs startup: OK ]LOG]!><time="09:36:42.153141" date="12-23-2022" component=" " context="AUTORITE NT\Système" type="1" thread="16" file="ConfigMgrClientHealth-Functions.ps1:2921">
<![LOG[Verify service is running ]LOG]!><time="09:36:42.168807" date="12-23-2022" component=" " context="AUTORITE NT\Système" type="1" thread="16" file="ConfigMgrClientHealth-Functions.ps1:2952">
<![LOG[Service RpcSs running: OK ]LOG]!><time="09:36:42.168807" date="12-23-2022" component=" " context="AUTORITE NT\Système" type="1" thread="16" file="ConfigMgrClientHealth-Functions.ps1:2954">
<![LOG[Verify startup type ]LOG]!><time="09:36:43.383179" date="12-23-2022" component=" " context="AUTORITE NT\Système" type="1" thread="16" file="ConfigMgrClientHealth-Functions.ps1:2919">
<![LOG[Configuring service W32Time StartupType to: Automatic... ]LOG]!><time="09:36:43.414941" date="12-23-2022" component=" " context="AUTORITE NT\Système" type="1" thread="16" file="ConfigMgrClientHealth-Functions.ps1:2944">
<![LOG[Verify service is running ]LOG]!><time="09:36:43.414941" date="12-23-2022" component=" " context="AUTORITE NT\Système" type="1" thread="16" file="ConfigMgrClientHealth-Functions.ps1:2952">
<![LOG[Service W32Time running: OK ]LOG]!><time="09:36:43.430626" date="12-23-2022" component=" " context="AUTORITE NT\Système" type="1" thread="16" file="ConfigMgrClientHealth-Functions.ps1:2954">
<![LOG[Verify startup type (ExitCode 1) - Impossible de trouver un service assorti du nom « ccmexec ». (l. 2906 in C:\ProgramData\ConfigMgrClientHealth\ConfigMgrClientHealth-Functions.ps1) ]LOG]!><time="09:36:44.724094" date="12-23-2022" component=" " context="AUTORITE NT\Système" type="3" thread="16" file="ConfigMgrClientHealth-Functions.ps1:2919">
<![LOG[Configuring service ccmexec StartupType to: Automatic (Delayed Start)... (ExitCode 1639)]LOG]!><time="09:36:44.817786" date="12-23-2022" component=" " context="AUTORITE NT\Système" type="3" thread="16" file="ConfigMgrClientHealth-Functions.ps1:2936">
<![LOG[Verify service is running ]LOG]!><time="09:36:44.817786" date="12-23-2022" component=" " context="AUTORITE NT\Système" type="1" thread="16" file="ConfigMgrClientHealth-Functions.ps1:2952">
<![LOG[Failed to start service ccmexec because it's sharing a thread with another process.  Changing to use its own thread. (ExitCode 1) - Impossible de lier l'argument au paramètre « Name », car il a la valeur Null. (l. 3012 in C:\ProgramData\ConfigMgrClientHealth\ConfigMgrClientHealth-Functions.ps1) ]LOG]!><time="09:36:44.880361" date="12-23-2022" component=" " context="AUTORITE NT\Système" type="3" thread="16" file="ConfigMgrClientHealth-Functions.ps1:3020">
<![LOG[Result :  (ExitCode 1060)]LOG]!><time="09:36:44.990703" date="12-23-2022" component=" " context="AUTORITE NT\Système" type="3" thread="16" file="ConfigMgrClientHealth-Functions.ps1:3022">
<![LOG[Failed to start service ccmexec (ExitCode 1) - Impossible de lier l'argument au paramètre « Name », car il a la valeur Null. (l. 3033 in C:\ProgramData\ConfigMgrClientHealth\ConfigMgrClientHealth-Functions.ps1) ]LOG]!><time="09:36:45.006318" date="12-23-2022" component=" " context="AUTORITE NT\Système" type="3" thread="16" file="ConfigMgrClientHealth-Functions.ps1:3038">
<![LOG[Validating SMSTSMgr service is dependent on CCMExec service... ]LOG]!><time="09:36:45.018402" date="12-23-2022" component=" " context="AUTORITE NT\Système" type="1" thread="16" file="ConfigMgrClientHealth.ps1:317">
<![LOG[smstsmgr: Adding dependency on Windows Management Instrumentaion service. (ExitCode 1) - Impossible de trouver un service assorti du nom « smstsmgr ». (l. 2121 in C:\ProgramData\ConfigMgrClientHealth\ConfigMgrClientHealth-Functions.ps1) ]LOG]!><time="09:36:45.038173" date="12-23-2022" component=" " context="AUTORITE NT\Système" type="3" thread="16" file="ConfigMgrClientHealth-Functions.ps1:2134">
<![LOG[Registered service smstsmgr (ExitCode 1060)]LOG]!><time="09:36:45.116261" date="12-23-2022" component=" " context="AUTORITE NT\Système" type="3" thread="16" file="ConfigMgrClientHealth-Functions.ps1:2141">
<![LOG[Validating ConfigMgr SiteCode... ]LOG]!><time="09:36:45.118786" date="12-23-2022" component=" " context="AUTORITE NT\Système" type="1" thread="16" file="ConfigMgrClientHealth.ps1:320">
<![LOG[ConfigMgr Client Site Code is "". Expected: "SIE". Changing sitecode. (ExitCode 1) - Impossible d’appeler une méthode dans une expression Null. (l. 1814 in C:\ProgramData\ConfigMgrClientHealth\ConfigMgrClientHealth-Functions.ps1) ]LOG]!><time="09:36:45.242222" date="12-23-2022" component=" " context="AUTORITE NT\Système" type="3" thread="16" file="ConfigMgrClientHealth-Functions.ps1:1815">
<![LOG[Validating client cache size. Will restart configmgr client if cache size is changed ]LOG]!><time="09:36:45.257848" date="12-23-2022" component=" " context="AUTORITE NT\Système" type="1" thread="16" file="ConfigMgrClientHealth.ps1:323">
<![LOG[ConfigMgr Client Cache Size: 0. Expected: 10240. Redmediating. ]LOG]!><time="09:36:45.289099" date="12-23-2022" component=" " context="AUTORITE NT\Système" type="2" thread="16" file="ConfigMgrClientHealth-Functions.ps1:1766">
<![LOG[Validating Max CCMClient Log Size... (ExitCode 1) - La récupération de la fabrique de classes COM pour le composant avec le CLSID {00000000-0000-0000-0000-000000000000} a échoué en raison de l'erreur suivante : 80040154 Classe non enregistrée (Exception de HRESULT : 0x80040154 (REGDB_E_CLASSNOTREG)). (l. 1770 in C:\ProgramData\ConfigMgrClientHealth\ConfigMgrClientHealth-Functions.ps1) ]LOG]!><time="09:36:45.352209" date="12-23-2022" component=" " context="AUTORITE NT\Système" type="3" thread="16" file="ConfigMgrClientHealth.ps1:334">
<![LOG[ConfigMgr Client Max Log Size: Configuring to 4096 KB (ExitCode 1) - Impossible de trouver le chemin d'accès « HKLM:\SOFTWARE\Microsoft\CCM\Logging\@GLOBAL », car il n'existe pas. (l. 1243 in C:\ProgramData\ConfigMgrClientHealth\ConfigMgrClientHealth-Functions.ps1) ]LOG]!><time="09:36:46.122286" date="12-23-2022" component=" " context="AUTORITE NT\Système" type="3" thread="16" file="ConfigMgrClientHealth-Functions.ps1:1885">
<![LOG[ConfigMgr Client Max Log History: Configuring to 2 ]LOG]!><time="09:36:46.137978" date="12-23-2022" component=" " context="AUTORITE NT\Système" type="2" thread="16" file="ConfigMgrClientHealth-Functions.ps1:1892">
<![LOG[Validating CCMClient provisioning mode... (ExitCode 1) - Impossible de trouver le chemin d'accès « HKLM:\SOFTWARE\Microsoft\CCM\Logging\@GLOBAL », car il n'existe pas. (l. 1253 in C:\ProgramData\ConfigMgrClientHealth\ConfigMgrClientHealth-Functions.ps1) ]LOG]!><time="09:36:46.990942" date="12-23-2022" component=" " context="AUTORITE NT\Système" type="3" thread="16" file="ConfigMgrClientHealth.ps1:339">
<![LOG[ConfigMgr Client Provisioning Mode: OK (ExitCode 1) - Impossible de trouver le chemin d'accès « HKLM:\SOFTWARE\Microsoft\CCM\CcmExec », car il n'existe pas. (l. 1827 in C:\ProgramData\ConfigMgrClientHealth\ConfigMgrClientHealth-Functions.ps1) ]LOG]!><time="09:36:47.147819" date="12-23-2022" component=" " context="AUTORITE NT\Système" type="3" thread="16" file="ConfigMgrClientHealth-Functions.ps1:1837">
<![LOG[Validating CCMClient certificate... ]LOG]!><time="09:36:47.163396" date="12-23-2022" component=" " context="AUTORITE NT\Système" type="1" thread="16" file="ConfigMgrClientHealth.ps1:341">
<![LOG[ConfigMgr Client Certificate: OK (ExitCode 1) - Impossible de trouver le chemin d'accès « C:\windows\ccm\Logs\ClientIDManagerStartup.log », car il n'existe pas. (l. 1356 in C:\ProgramData\ConfigMgrClientHealth\ConfigMgrClientHealth-Functions.ps1) ]LOG]!><time="09:36:47.210270" date="12-23-2022" component=" " context="AUTORITE NT\Système" type="3" thread="16" file="ConfigMgrClientHealth-Functions.ps1:1385">
<![LOG[Start Test-SCCMHardwareInventoryScan ]LOG]!><time="09:36:47.226329" date="12-23-2022" component=" " context="AUTORITE NT\Système" type="1" thread="16" file="ConfigMgrClientHealth-Functions.ps1:2374">
<![LOG[ConfigMgr Hardware Inventory scan: OK (ExitCode 1) - Espace de noms non valide « root\ccm\invagt » (l. 34 in C:\ProgramData\ConfigMgrClientHealth\ConfigMgrClientHealth-Functions.ps1) ]LOG]!><time="09:36:47.288893" date="12-23-2022" component=" " context="AUTORITE NT\Système" type="3" thread="16" file="ConfigMgrClientHealth-Functions.ps1:2396">
<![LOG[End Test-SCCMHardwareInventoryScan ]LOG]!><time="09:36:47.304539" date="12-23-2022" component=" " context="AUTORITE NT\Système" type="1" thread="16" file="ConfigMgrClientHealth-Functions.ps1:2399">
<![LOG[Testing software metering prep driver check ]LOG]!><time="09:36:47.304539" date="12-23-2022" component=" " context="AUTORITE NT\Système" type="1" thread="16" file="ConfigMgrClientHealth.ps1:348">
<![LOG[Start Test-SoftwareMeteringPrepDriver ]LOG]!><time="09:36:47.324732" date="12-23-2022" component=" " context="AUTORITE NT\Système" type="1" thread="16" file="ConfigMgrClientHealth-Functions.ps1:3110">
<![LOG[Software Metering - PrepDriver: Error. Remediating... (ExitCode 1) - Impossible de trouver le chemin d'accès « C:\windows\ccm\Logs\mtrmgr.log », car il n'existe pas. (l. 3114 in C:\ProgramData\ConfigMgrClientHealth\ConfigMgrClientHealth-Functions.ps1) ]LOG]!><time="09:36:47.367577" date="12-23-2022" component=" " context="AUTORITE NT\Système" type="3" thread="16" file="ConfigMgrClientHealth-Functions.ps1:3122">
<![LOG[Invoked 'C:\Windows\system32\RUNDLL32.EXE SETUPAPI.DLL,InstallHinfSection DefaultInstall 128 prepdrv.inf' (ExitCode 1) - Impossible de trouver le chemin d'accès « HKLM:\SOFTWARE\Microsoft\SMS\Client\Configuration\Client Properties », car il n'existe pas. (l. 3123 in C:\ProgramData\ConfigMgrClientHealth\ConfigMgrClientHealth-Functions.ps1) ]LOG]!><time="09:36:47.713050" date="12-23-2022" component=" " context="AUTORITE NT\Système" type="3" thread="16" file="ConfigMgrClientHealth-Functions.ps1:3127">
<![LOG[End Test-SoftwareMeteringPrepDriver ]LOG]!><time="09:36:47.729183" date="12-23-2022" component=" " context="AUTORITE NT\Système" type="1" thread="16" file="ConfigMgrClientHealth-Functions.ps1:3155">
<![LOG[Validating DNS... ]LOG]!><time="09:36:47.729183" date="12-23-2022" component=" " context="AUTORITE NT\Système" type="1" thread="16" file="ConfigMgrClientHealth.ps1:352">
<![LOG[Verify that local machines FQDN matches DNS ]LOG]!><time="09:36:53.243556" date="12-23-2022" component=" " context="AUTORITE NT\Système" type="1" thread="16" file="ConfigMgrClientHealth-Functions.ps1:3981">
<![LOG[Checking if one local IP matches on IP from DNS ]LOG]!><time="09:36:53.256573" date="12-23-2022" component=" " context="AUTORITE NT\Système" type="1" thread="16" file="ConfigMgrClientHealth-Functions.ps1:3984">
<![LOG[Loop through each IP address published in DNS ]LOG]!><time="09:36:53.272279" date="12-23-2022" component=" " context="AUTORITE NT\Système" type="1" thread="16" file="ConfigMgrClientHealth-Functions.ps1:3985">
<![LOG[DNS Check: OK ]LOG]!><time="09:36:53.272279" date="12-23-2022" component=" " context="AUTORITE NT\Système" type="1" thread="16" file="ConfigMgrClientHealth-Functions.ps1:4026">
<![LOG[Validating BITS ]LOG]!><time="09:36:53.303526" date="12-23-2022" component=" " context="AUTORITE NT\Système" type="1" thread="16" file="ConfigMgrClientHealth.ps1:355">
<![LOG[BITS: OK ]LOG]!><time="09:36:53.382192" date="12-23-2022" component=" " context="AUTORITE NT\Système" type="1" thread="16" file="ConfigMgrClientHealth-Functions.ps1:1445">
<![LOG[Validating ClientSettings ]LOG]!><time="09:36:53.397780" date="12-23-2022" component=" " context="AUTORITE NT\Système" type="1" thread="16" file="ConfigMgrClientHealth.ps1:362">
<![LOG[ClientSettings: OK (ExitCode 1) - Espace de noms non valide « root\ccm\Policy\DefaultMachine\RequestedConfig » (l. 34 in C:\ProgramData\ConfigMgrClientHealth\ConfigMgrClientHealth-Functions.ps1) ]LOG]!><time="09:36:53.445151" date="12-23-2022" component=" " context="AUTORITE NT\Système" type="3" thread="16" file="ConfigMgrClientHealth-Functions.ps1:1499">
<![LOG[Validating Windows Update Scan not broken by bad group policy... ]LOG]!><time="09:36:53.460832" date="12-23-2022" component=" " context="AUTORITE NT\Système" type="1" thread="16" file="ConfigMgrClientHealth.ps1:368">
<![LOG[Check WUAHandler.log for errors since 01/01/0001 00:00:00. ]LOG]!><time="09:36:53.492051" date="12-23-2022" component=" " context="AUTORITE NT\Système" type="1" thread="16" file="ConfigMgrClientHealth-Functions.ps1:3174">
<![LOG[Checking the Group Policy event log for errors since 01/01/0001 00:00:00. (ExitCode 1) - Impossible de trouver le chemin d'accès « C:\windows\ccm\Logs\WUAHandler.log », car il n'existe pas. (l. 617 in C:\ProgramData\ConfigMgrClientHealth\ConfigMgrClientHealth-Functions.ps1) ]LOG]!><time="09:36:53.586412" date="12-23-2022" component=" " context="AUTORITE NT\Système" type="3" thread="16" file="ConfigMgrClientHealth-Functions.ps1:3199">
<![LOG[GPO Cache: OK ]LOG]!><time="09:36:54.629416" date="12-23-2022" component=" " context="AUTORITE NT\Système" type="1" thread="16" file="ConfigMgrClientHealth-Functions.ps1:3246">
<![LOG[Validating that CCMClient is sending state messages... ]LOG]!><time="09:36:54.629416" date="12-23-2022" component=" " context="AUTORITE NT\Système" type="1" thread="16" file="ConfigMgrClientHealth.ps1:375">
<![LOG[Check StateMessage.log if State Messages are successfully forwarded to Management Point ]LOG]!><time="09:36:54.647597" date="12-23-2022" component=" " context="AUTORITE NT\Système" type="1" thread="16" file="ConfigMgrClientHealth-Functions.ps1:1851">
<![LOG[Start Update-State (ExitCode 1) - Impossible de trouver le chemin d'accès « C:\windows\ccm\Logs\StateMessage.log », car il n'existe pas. (l. 1853 in C:\ProgramData\ConfigMgrClientHealth\ConfigMgrClientHealth-Functions.ps1) ]LOG]!><time="09:36:54.692060" date="12-23-2022" component=" " context="AUTORITE NT\Système" type="3" thread="16" file="ConfigMgrClientHealth-Functions.ps1:1842">
<![LOG[End Update-State (ExitCode 1) - Impossible d’appeler une méthode dans une expression Null. (l. 1844 in C:\ProgramData\ConfigMgrClientHealth\ConfigMgrClientHealth-Functions.ps1) ]LOG]!><time="09:36:54.738902" date="12-23-2022" component=" " context="AUTORITE NT\Système" type="3" thread="16" file="ConfigMgrClientHealth-Functions.ps1:1846">
<![LOG[StateMessage: ERROR. Remediating... ]LOG]!><time="09:36:54.755006" date="12-23-2022" component=" " context="AUTORITE NT\Système" type="2" thread="16" file="ConfigMgrClientHealth-Functions.ps1:1860">
<![LOG[Validating Admin$ and C$ are shared... ]LOG]!><time="09:36:54.755006" date="12-23-2022" component=" " context="AUTORITE NT\Système" type="1" thread="16" file="ConfigMgrClientHealth.ps1:379">
<![LOG[Test the ADMIN$ and C$ ]LOG]!><time="09:36:54.770667" date="12-23-2022" component=" " context="AUTORITE NT\Système" type="1" thread="16" file="ConfigMgrClientHealth-Functions.ps1:3049">
<![LOG[Adminshare Admin$: OK ]LOG]!><time="09:36:54.833383" date="12-23-2022" component=" " context="AUTORITE NT\Système" type="1" thread="16" file="ConfigMgrClientHealth-Functions.ps1:3054">
<![LOG[Adminshare C$: OK ]LOG]!><time="09:36:54.880598" date="12-23-2022" component=" " context="AUTORITE NT\Système" type="1" thread="16" file="ConfigMgrClientHealth-Functions.ps1:3062">
<![LOG[Testing that all devices have functional drivers. ]LOG]!><time="09:36:54.896295" date="12-23-2022" component=" " context="AUTORITE NT\Système" type="1" thread="16" file="ConfigMgrClientHealth.ps1:382">
<![LOG[Drivers: OK ]LOG]!><time="09:36:55.210232" date="12-23-2022" component=" " context="AUTORITE NT\Système" type="1" thread="16" file="ConfigMgrClientHealth-Functions.ps1:3098">
<![LOG[Validating C: free diskspace (Only warning, no remediation)... ]LOG]!><time="09:36:55.225939" date="12-23-2022" component=" " context="AUTORITE NT\Système" type="1" thread="16" file="ConfigMgrClientHealth.ps1:391">
<![LOG[Free space C: OK ]LOG]!><time="09:36:55.273246" date="12-23-2022" component=" " context="AUTORITE NT\Système" type="1" thread="16" file="ConfigMgrClientHealth-Functions.ps1:301">
<![LOG[Getting install date of last OS patch for SQL log ]LOG]!><time="09:36:55.273246" date="12-23-2022" component=" " context="AUTORITE NT\Système" type="1" thread="16" file="ConfigMgrClientHealth.ps1:393">
<![LOG[Sending unsent state messages if any (ExitCode 1) - Exception de HRESULT : 0x80240007 (l. 2458 in C:\ProgramData\ConfigMgrClientHealth\ConfigMgrClientHealth-Functions.ps1) ]LOG]!><time="09:36:56.412934" date="12-23-2022" component=" " context="AUTORITE NT\Système" type="3" thread="16" file="ConfigMgrClientHealth.ps1:395">
<![LOG[Triggered client action Send Unsent State Message : {00000000-0000-0000-0000-000000000111} (ExitCode 1) - Impossible de convertir la valeur « root\ccm:SMS_Client » en type « System.Management.ManagementClass ». Erreur : « Espace de noms non valide  » (l. 2300 in C:\ProgramData\ConfigMgrClientHealth\ConfigMgrClientHealth-Functions.ps1) ]LOG]!><time="09:36:56.507199" date="12-23-2022" component=" " context="AUTORITE NT\Système" type="3" thread="16" file="ConfigMgrClientHealth-Functions.ps1:2307">
<![LOG[Getting Source Update Message policy and policy to trigger scan update source ]LOG]!><time="09:36:56.507199" date="12-23-2022" component=" " context="AUTORITE NT\Système" type="1" thread="16" file="ConfigMgrClientHealth.ps1:397">
<![LOG[Triggered client action Source Update Message : {00000000-0000-0000-0000-000000000032} (ExitCode 1) - Impossible de convertir la valeur « root\ccm:SMS_Client » en type « System.Management.ManagementClass ». Erreur : « Espace de noms non valide  » (l. 2300 in C:\ProgramData\ConfigMgrClientHealth\ConfigMgrClientHealth-Functions.ps1) ]LOG]!><time="09:36:56.538442" date="12-23-2022" component=" " context="AUTORITE NT\Système" type="3" thread="16" file="ConfigMgrClientHealth-Functions.ps1:2307">
<![LOG[Triggered client action Scan by Update Source : {00000000-0000-0000-0000-000000000113} (ExitCode 1) - Impossible de convertir la valeur « root\ccm:SMS_Client » en type « System.Management.ManagementClass ». Erreur : « Espace de noms non valide  » (l. 2300 in C:\ProgramData\ConfigMgrClientHealth\ConfigMgrClientHealth-Functions.ps1) ]LOG]!><time="09:36:56.570249" date="12-23-2022" component=" " context="AUTORITE NT\Système" type="3" thread="16" file="ConfigMgrClientHealth-Functions.ps1:2307">
<![LOG[Triggered client action Send Unsent State Message : {00000000-0000-0000-0000-000000000111} (ExitCode 1) - Impossible de convertir la valeur « root\ccm:SMS_Client » en type « System.Management.ManagementClass ». Erreur : « Espace de noms non valide  » (l. 2300 in C:\ProgramData\ConfigMgrClientHealth\ConfigMgrClientHealth-Functions.ps1) ]LOG]!><time="09:36:56.601512" date="12-23-2022" component=" " context="AUTORITE NT\Système" type="3" thread="16" file="ConfigMgrClientHealth-Functions.ps1:2307">
<![LOG[Triggered client action Machine Policy Evaluation : {00000000-0000-0000-0000-000000000022} (ExitCode 1) - Impossible de convertir la valeur « root\ccm:SMS_Client » en type « System.Management.ManagementClass ». Erreur : « Espace de noms non valide  » (l. 2300 in C:\ProgramData\ConfigMgrClientHealth\ConfigMgrClientHealth-Functions.ps1) ]LOG]!><time="09:36:56.632713" date="12-23-2022" component=" " context="AUTORITE NT\Système" type="3" thread="16" file="ConfigMgrClientHealth-Functions.ps1:2307">
<![LOG[Cleaning up after healthcheck ]LOG]!><time="09:36:56.651956" date="12-23-2022" component=" " context="AUTORITE NT\Système" type="1" thread="16" file="ConfigMgrClientHealth.ps1:427">
<![LOG[Validating pending reboot... ]LOG]!><time="09:36:56.651956" date="12-23-2022" component=" " context="AUTORITE NT\Système" type="1" thread="16" file="ConfigMgrClientHealth.ps1:429">
<![LOG[Pending Reboot: OK ]LOG]!><time="09:36:56.821339" date="12-23-2022" component=" " context="AUTORITE NT\Système" type="1" thread="16" file="ConfigMgrClientHealth-Functions.ps1:2800">
<![LOG[Getting last reboot time ]LOG]!><time="09:36:56.836919" date="12-23-2022" component=" " context="AUTORITE NT\Système" type="1" thread="16" file="ConfigMgrClientHealth.ps1:431">
<![LOG[Removing orphaned ccm client cache items. ]LOG]!><time="09:36:56.883826" date="12-23-2022" component=" " context="AUTORITE NT\Système" type="1" thread="16" file="ConfigMgrClientHealth.ps1:435">
<![LOG[Clearing ConfigMgr orphaned Cache items. ]LOG]!><time="09:36:56.899410" date="12-23-2022" component=" " context="AUTORITE NT\Système" type="1" thread="16" file="ConfigMgrClientHealth-Functions.ps1:1925">
<![LOG[Failed Clearing ConfigMgr orphaned Cache items. (ExitCode 1) - La récupération de la fabrique de classes COM pour le composant avec le CLSID {00000000-0000-0000-0000-000000000000} a échoué en raison de l'erreur suivante : 80040154 Classe non enregistrée (Exception de HRESULT : 0x80040154 (REGDB_E_CLASSNOTREG)). (l. 1927 in C:\ProgramData\ConfigMgrClientHealth\ConfigMgrClientHealth-Functions.ps1) ]LOG]!><time="09:36:56.915080" date="12-23-2022" component=" " context="AUTORITE NT\Système" type="3" thread="16" file="ConfigMgrClientHealth-Functions.ps1:1944">
<![LOG[ConfigMgr Client set to reinstall, but ccmsetup.exe is already running. ]LOG]!><time="09:36:56.953053" date="12-23-2022" component=" " context="AUTORITE NT\Système" type="2" thread="16" file="ConfigMgrClientHealth.ps1:443">
<![LOG[Starting Built-in Configuration Manager Client Health Evaluation (ExitCode 1) - Espace de noms non valide « root/ccm » (l. 34 in C:\ProgramData\ConfigMgrClientHealth\ConfigMgrClientHealth-Functions.ps1) ]LOG]!><time="09:36:56.993431" date="12-23-2022" component=" " context="AUTORITE NT\Système" type="3" thread="16" file="ConfigMgrClientHealth-Functions.ps1:2153">
<![LOG[Result : (1)  (ExitCode 1)]LOG]!><time="09:36:57.276479" date="12-23-2022" component=" " context="AUTORITE NT\Système" type="3" thread="16" file="ConfigMgrClientHealth-Functions.ps1:2160">
<![LOG[ (ExitCode 1)]LOG]!><time="09:36:57.276479" date="12-23-2022" component=" " context="AUTORITE NT\Système" type="3" thread="16" file="ConfigMgrClientHealth-Functions.ps1:2160">
<![LOG[End Process ]LOG]!><time="09:36:57.292104" date="12-23-2022" component=" " context="AUTORITE NT\Système" type="1" thread="16" file="ConfigMgrClientHealth.ps1:477">
<![LOG[Triggered client action Data Discovery Record : {00000000-0000-0000-0000-000000000003} (ExitCode 1) - Impossible de convertir la valeur « root\ccm:SMS_Client » en type « System.Management.ManagementClass ». Erreur : « Espace de noms non valide  » (l. 2300 in C:\ProgramData\ConfigMgrClientHealth\ConfigMgrClientHealth-Functions.ps1) ]LOG]!><time="09:36:57.323355" date="12-23-2022" component=" " context="AUTORITE NT\Système" type="3" thread="16" file="ConfigMgrClientHealth-Functions.ps1:2307">
<![LOG[Send Data Discovery Record to server ]LOG]!><time="09:36:57.338981" date="12-23-2022" component=" " context="AUTORITE NT\Système" type="1" thread="16" file="ConfigMgrClientHealth.ps1:483">
<![LOG[Setting last ran to 12/23/2022 09:36:57 ]LOG]!><time="09:36:57.354557" date="12-23-2022" component=" " context="AUTORITE NT\Système" type="1" thread="16" file="ConfigMgrClientHealth.ps1:490">
<![LOG[Start Update-LogFile ]LOG]!><time="09:36:57.392407" date="12-23-2022" component=" " context="AUTORITE NT\Système" type="1" thread="16" file="ConfigMgrClientHealth-Functions.ps1:829">
<![LOG[<--- ConfigMgr Client Health Check starting ---> ]LOG]!><time="09:36:57.638337" date="12-23-2022" component=" " context="AUTORITE NT\Système" type="1" thread="16" file="ConfigMgrClientHealth-Functions.ps1:886">
<![LOG[Hostname: CORP-4-9TD1WNOG ]LOG]!><time="09:36:57.638337" date="12-23-2022" component=" " context="AUTORITE NT\Système" type="1" thread="16" file="ConfigMgrClientHealth-Functions.ps1:886">
<![LOG[Operatingsystem: Microsoft Windows 11 Professionnel ]LOG]!><time="09:36:57.638337" date="12-23-2022" component=" " context="AUTORITE NT\Système" type="1" thread="16" file="ConfigMgrClientHealth-Functions.ps1:886">
<![LOG[Architecture: 64-Bit ]LOG]!><time="09:36:57.654993" date="12-23-2022" component=" " context="AUTORITE NT\Système" type="1" thread="16" file="ConfigMgrClientHealth-Functions.ps1:886">
<![LOG[Build: 22621.1.amd64fre.ni_release.220506-1250 ]LOG]!><time="09:36:57.654993" date="12-23-2022" component=" " context="AUTORITE NT\Système" type="1" thread="16" file="ConfigMgrClientHealth-Functions.ps1:886">
<![LOG[Model: XPS 9315 ]LOG]!><time="09:36:57.654993" date="12-23-2022" component=" " context="AUTORITE NT\Système" type="1" thread="16" file="ConfigMgrClientHealth-Functions.ps1:886">
<![LOG[InstallDate: 2022-12-21 11:19:16 ]LOG]!><time="09:36:57.670029" date="12-23-2022" component=" " context="AUTORITE NT\Système" type="1" thread="16" file="ConfigMgrClientHealth-Functions.ps1:886">
<![LOG[OSUpdates: 2022-12-11 00:00:00 ]LOG]!><time="09:36:57.670029" date="12-23-2022" component=" " context="AUTORITE NT\Système" type="1" thread="16" file="ConfigMgrClientHealth-Functions.ps1:886">
<![LOG[LastLoggedOnUser: CORP\arnaud.brochand ]LOG]!><time="09:36:57.670029" date="12-23-2022" component=" " context="AUTORITE NT\Système" type="1" thread="16" file="ConfigMgrClientHealth-Functions.ps1:886">
<![LOG[ClientVersion: Unknown ]LOG]!><time="09:36:57.670029" date="12-23-2022" component=" " context="AUTORITE NT\Système" type="1" thread="16" file="ConfigMgrClientHealth-Functions.ps1:886">
<![LOG[PSVersion: 5,1 ]LOG]!><time="09:36:57.685687" date="12-23-2022" component=" " context="AUTORITE NT\Système" type="1" thread="16" file="ConfigMgrClientHealth-Functions.ps1:886">
<![LOG[PSBuild: 22621 ]LOG]!><time="09:36:57.685687" date="12-23-2022" component=" " context="AUTORITE NT\Système" type="1" thread="16" file="ConfigMgrClientHealth-Functions.ps1:886">
<![LOG[Sitecode:  ]LOG]!><time="09:36:57.685687" date="12-23-2022" component=" " context="AUTORITE NT\Système" type="1" thread="16" file="ConfigMgrClientHealth-Functions.ps1:886">
<![LOG[Domain: corp.roullier.com ]LOG]!><time="09:36:57.701314" date="12-23-2022" component=" " context="AUTORITE NT\Système" type="1" thread="16" file="ConfigMgrClientHealth-Functions.ps1:886">
<![LOG[MaxLogSize: 0 ]LOG]!><time="09:36:57.701314" date="12-23-2022" component=" " context="AUTORITE NT\Système" type="1" thread="16" file="ConfigMgrClientHealth-Functions.ps1:886">
<![LOG[MaxLogHistory: 0 ]LOG]!><time="09:36:57.701314" date="12-23-2022" component=" " context="AUTORITE NT\Système" type="1" thread="16" file="ConfigMgrClientHealth-Functions.ps1:886">
<![LOG[CacheSize: 10240 ]LOG]!><time="09:36:57.716941" date="12-23-2022" component=" " context="AUTORITE NT\Système" type="1" thread="16" file="ConfigMgrClientHealth-Functions.ps1:886">
<![LOG[ClientCertificate: OK ]LOG]!><time="09:36:57.716941" date="12-23-2022" component=" " context="AUTORITE NT\Système" type="1" thread="16" file="ConfigMgrClientHealth-Functions.ps1:886">
<![LOG[ProvisioningMode: OK ]LOG]!><time="09:36:57.716941" date="12-23-2022" component=" " context="AUTORITE NT\Système" type="1" thread="16" file="ConfigMgrClientHealth-Functions.ps1:886">
<![LOG[DNS: OK ]LOG]!><time="09:36:57.716941" date="12-23-2022" component=" " context="AUTORITE NT\Système" type="1" thread="16" file="ConfigMgrClientHealth-Functions.ps1:886">
<![LOG[PendingReboot: OK ]LOG]!><time="09:36:57.732559" date="12-23-2022" component=" " context="AUTORITE NT\Système" type="1" thread="16" file="ConfigMgrClientHealth-Functions.ps1:886">
<![LOG[LastBootTime: 2022-12-23 08:44:12 ]LOG]!><time="09:36:57.732559" date="12-23-2022" component=" " context="AUTORITE NT\Système" type="1" thread="16" file="ConfigMgrClientHealth-Functions.ps1:886">
<![LOG[OSDiskFreeSpace: 86,8 ]LOG]!><time="09:36:57.732559" date="12-23-2022" component=" " context="AUTORITE NT\Système" type="1" thread="16" file="ConfigMgrClientHealth-Functions.ps1:886">
<![LOG[Services: Started ]LOG]!><time="09:36:57.748203" date="12-23-2022" component=" " context="AUTORITE NT\Système" type="1" thread="16" file="ConfigMgrClientHealth-Functions.ps1:886">
<![LOG[AdminShare: OK ]LOG]!><time="09:36:57.755228" date="12-23-2022" component=" " context="AUTORITE NT\Système" type="1" thread="16" file="ConfigMgrClientHealth-Functions.ps1:886">
<![LOG[StateMessages: Repaired ]LOG]!><time="09:36:57.755228" date="12-23-2022" component=" " context="AUTORITE NT\Système" type="1" thread="16" file="ConfigMgrClientHealth-Functions.ps1:886">
<![LOG[WUAHandler: OK ]LOG]!><time="09:36:57.764264" date="12-23-2022" component=" " context="AUTORITE NT\Système" type="1" thread="16" file="ConfigMgrClientHealth-Functions.ps1:886">
<![LOG[WMI: OK ]LOG]!><time="09:36:57.764264" date="12-23-2022" component=" " context="AUTORITE NT\Système" type="1" thread="16" file="ConfigMgrClientHealth-Functions.ps1:886">
<![LOG[RefreshComplianceState: 2022-12-23 09:11:23 ]LOG]!><time="09:36:57.764264" date="12-23-2022" component=" " context="AUTORITE NT\Système" type="1" thread="16" file="ConfigMgrClientHealth-Functions.ps1:886">
<![LOG[ClientInstalled:  ]LOG]!><time="09:36:57.779933" date="12-23-2022" component=" " context="AUTORITE NT\Système" type="1" thread="16" file="ConfigMgrClientHealth-Functions.ps1:886">
<![LOG[Version: 1.1 ]LOG]!><time="09:36:57.779933" date="12-23-2022" component=" " context="AUTORITE NT\Système" type="1" thread="16" file="ConfigMgrClientHealth-Functions.ps1:886">
<![LOG[Timestamp: 2022-12-23 09:10:45 ]LOG]!><time="09:36:57.795556" date="12-23-2022" component=" " context="AUTORITE NT\Système" type="1" thread="16" file="ConfigMgrClientHealth-Functions.ps1:886">
<![LOG[HWInventory: 2022-12-23 09:36:47 ]LOG]!><time="09:36:57.795556" date="12-23-2022" component=" " context="AUTORITE NT\Système" type="1" thread="16" file="ConfigMgrClientHealth-Functions.ps1:886">
<![LOG[SWMetering: Error ]LOG]!><time="09:36:57.795556" date="12-23-2022" component=" " context="AUTORITE NT\Système" type="1" thread="16" file="ConfigMgrClientHealth-Functions.ps1:886">
<![LOG[BITS: OK ]LOG]!><time="09:36:57.811230" date="12-23-2022" component=" " context="AUTORITE NT\Système" type="1" thread="16" file="ConfigMgrClientHealth-Functions.ps1:886">
<![LOG[ClientSettings: OK ]LOG]!><time="09:36:57.811230" date="12-23-2022" component=" " context="AUTORITE NT\Système" type="1" thread="16" file="ConfigMgrClientHealth-Functions.ps1:886">
<![LOG[PatchLevel: 674 ]LOG]!><time="09:36:57.811230" date="12-23-2022" component=" " context="AUTORITE NT\Système" type="1" thread="16" file="ConfigMgrClientHealth-Functions.ps1:886">
<![LOG[ClientInstalledReason: No agent found. Below minimum verison. ]LOG]!><time="09:36:57.826809" date="12-23-2022" component=" " context="AUTORITE NT\Système" type="1" thread="16" file="ConfigMgrClientHealth-Functions.ps1:886">
<![LOG[ ]LOG]!><time="09:36:57.826809" date="12-23-2022" component=" " context="AUTORITE NT\Système" type="1" thread="16" file="ConfigMgrClientHealth-Functions.ps1:886">
<![LOG[End Update-LogFile ]LOG]!><time="09:36:57.842423" date="12-23-2022" component=" " context="AUTORITE NT\Système" type="1" thread="16" file="ConfigMgrClientHealth-Functions.ps1:889">
<![LOG[Updating local logfile with results ]LOG]!><time="09:36:57.858585" date="12-23-2022" component=" " context="AUTORITE NT\Système" type="1" thread="16" file="ConfigMgrClientHealth.ps1:494">
<![LOG[Updating SQL database with results using webservice ]LOG]!><time="09:36:58.580940" date="12-23-2022" component=" " context="AUTORITE NT\Système" type="1" thread="16" file="ConfigMgrClientHealth.ps1:509">
<![LOG[Client Health script finished ]LOG]!><time="09:36:58.588161" date="12-23-2022" component=" " context="AUTORITE NT\Système" type="1" thread="16" file="ConfigMgrClientHealth.ps1:518">
